Started by user [8mha:////4Dta+V6pPCd2bQXU7xodkoAapf5AUbFr+iWvs1gFwt+2AAAAlx+LCAAAAAAAAP9b85aBtbiIQTGjNKU4P08vOT+vOD8nVc83PyU1x6OyILUoJzMv2y+/JJUBAhiZGBgqihhk0NSjKDWzXb3RdlLBUSYGJk8GtpzUvPSSDB8G5tKinBIGIZ+sxLJE/ZzEvHT94JKizLx0a6BxUmjGOUNodHsLgAyOEgZu/dLi1CL9xJTczDwAg9OS0cAAAAA=[0mMohanraj
Running as SYSTEM
Building in workspace /Users/mohanrajmathavan/.jenkins/workspace/BootCamp/SimpleExecutionFreeStyle/WindowsBased_WebTest_FreeStyle
No credentials specified
Cloning the remote Git repository
Cloning repository https://github.com/TechnologyBootCamps/functional-assurance
 > git init /Users/mohanrajmathavan/.jenkins/workspace/BootCamp/SimpleExecutionFreeStyle/WindowsBased_WebTest_FreeStyle # timeout=10
Fetching upstream changes from https://github.com/TechnologyBootCamps/functional-assurance
 > git --version # timeout=10
 > git --version # 'git version 2.21.1 (Apple Git-122.3)'
 > git fetch --tags --force --progress -- https://github.com/TechnologyBootCamps/functional-assurance +refs/heads/*:refs/remotes/origin/* # timeout=10
 > git config remote.origin.url https://github.com/TechnologyBootCamps/functional-assurance # timeout=10
 > git config --add remote.origin.fetch +refs/heads/*:refs/remotes/origin/* # timeout=10
 > git config remote.origin.url https://github.com/TechnologyBootCamps/functional-assurance # timeout=10
Fetching upstream changes from https://github.com/TechnologyBootCamps/functional-assurance
 > git fetch --tags --force --progress -- https://github.com/TechnologyBootCamps/functional-assurance +refs/heads/*:refs/remotes/origin/* # timeout=10
 > git rev-parse refs/remotes/origin/master^{commit} # timeout=10
 > git rev-parse refs/remotes/origin/origin/master^{commit} # timeout=10
Checking out Revision 6feb79011bc4c3a8904be06a48a45e49c42b09b0 (refs/remotes/origin/master)
 > git config core.sparsecheckout # timeout=10
 > git checkout -f 6feb79011bc4c3a8904be06a48a45e49c42b09b0 # timeout=10
Commit message: "Update ShopAddressPage.java"
 > git rev-list --no-walk 6feb79011bc4c3a8904be06a48a45e49c42b09b0 # timeout=10
[WindowsBased_WebTest_FreeStyle] $ cmd /c call /var/folders/gk/9rlzqfcd3933kcmb9mtswrk40000gp/T/jenkins3687976394012778180.bat
FATAL: command execution failed
java.io.IOException: error=2, No such file or directory
	at java.base/java.lang.ProcessImpl.forkAndExec(Native Method)
	at java.base/java.lang.ProcessImpl.<init>(ProcessImpl.java:340)
	at java.base/java.lang.ProcessImpl.start(ProcessImpl.java:271)
	at java.base/java.lang.ProcessBuilder.start(ProcessBuilder.java:1107)
Caused: java.io.IOException: Cannot run program "cmd" (in directory "/Users/mohanrajmathavan/.jenkins/workspace/BootCamp/SimpleExecutionFreeStyle/WindowsBased_WebTest_FreeStyle"): error=2, No such file or directory
	at java.base/java.lang.ProcessBuilder.start(ProcessBuilder.java:1128)
	at java.base/java.lang.ProcessBuilder.start(ProcessBuilder.java:1071)
	at hudson.Proc$LocalProc.<init>(Proc.java:252)
	at hudson.Proc$LocalProc.<init>(Proc.java:221)
	at hudson.Launcher$LocalLauncher.launch(Launcher.java:936)
	at hudson.Launcher$ProcStarter.start(Launcher.java:454)
	at hudson.tasks.CommandInterpreter.perform(CommandInterpreter.java:109)
	at hudson.tasks.CommandInterpreter.perform(CommandInterpreter.java:66)
	at hudson.tasks.BuildStepMonitor$1.perform(BuildStepMonitor.java:20)
	at hudson.model.AbstractBuild$AbstractBuildExecution.perform(AbstractBuild.java:741)
	at hudson.model.Build$BuildExecution.build(Build.java:206)
	at hudson.model.Build$BuildExecution.doRun(Build.java:163)
	at hudson.model.AbstractBuild$AbstractBuildExecution.run(AbstractBuild.java:504)
	at hudson.model.Run.execute(Run.java:1880)
	at hudson.model.FreeStyleBuild.run(FreeStyleBuild.java:43)
	at hudson.model.ResourceController.execute(ResourceController.java:97)
	at hudson.model.Executor.run(Executor.java:428)
Build step 'Execute Windows batch command' marked build as failure
[htmlpublisher] Archiving HTML reports...
[htmlpublisher] Archiving at PROJECT level /Users/mohanrajmathavan/.jenkins/workspace/BootCamp/SimpleExecutionFreeStyle/WindowsBased_WebTest_FreeStyle/target to /Users/mohanrajmathavan/.jenkins/jobs/BootCamp/jobs/SimpleExecutionFreeStyle/jobs/WindowsBased_WebTest_FreeStyle/htmlreports/Extent_20Report
ERROR: Specified HTML directory '/Users/mohanrajmathavan/.jenkins/workspace/BootCamp/SimpleExecutionFreeStyle/WindowsBased_WebTest_FreeStyle/target' does not exist.
Finished: FAILURE
