Started by user [8mha:////4Dta+V6pPCd2bQXU7xodkoAapf5AUbFr+iWvs1gFwt+2AAAAlx+LCAAAAAAAAP9b85aBtbiIQTGjNKU4P08vOT+vOD8nVc83PyU1x6OyILUoJzMv2y+/JJUBAhiZGBgqihhk0NSjKDWzXb3RdlLBUSYGJk8GtpzUvPSSDB8G5tKinBIGIZ+sxLJE/ZzEvHT94JKizLx0a6BxUmjGOUNodHsLgAyOEgZu/dLi1CL9xJTczDwAg9OS0cAAAAA=[0mMohanraj
Running in Durability level: MAX_SURVIVABILITY
[8mha:////4Io3E4We+CAl7jv989eAwmwVx2sNXoyXfn9MGqEG3DLoAAAAoh+LCAAAAAAAAP9tjTEOwjAQBM8BClpKHuFItIiK1krDC0x8GCfWnbEdkooX8TX+gCESFVvtrLSa5wtWKcKBo5UdUu8otU4GP9jS5Mixv3geZcdn2TIl9igbHBs2eJyx4YwwR1SwULBGaj0nRzbDRnX6rmuvydanHMu2V1A5c4MHCFXMWcf8hSnC9jqYxPTz/BXAFEIGsfuclm8zQVqFvQAAAA==[0m[Pipeline] Start of Pipeline
[8mha:////4LrHOWWpFasz1BlZLNtwL76kzyfYqMPVnHVNApAom7GRAAAApR+LCAAAAAAAAP9tjTEOwjAUQ3+KOrAycohUghExsUZZOEFIQkgb/d8mKe3EibgadyBQiQlLlmxL1nu+oE4RjhQdby12HpP2vA+jK4lPFLtroIm3dOGaMFGwXNpJkrGnpUrKFhaxClYC1hZ1oOTRZdiIVt1VExS65pxj2Q4CKm8GeAAThZxVzN8yR9jeRpMIf5y/AJj7DGxXvP/86jduZBmjwAAAAA==[0m[Pipeline] timestamps
[8mha:////4HaYiWs6JAqMt1wrMv1DY8AmvYns+FZKxC+aXqbG5PUXAAAApR+LCAAAAAAAAP9tjTEOwjAUQ3+KOrAycoh0gA0xsUZZOEFIQkgb/d8mKe3EibgadyBQiQlLlmxL1nu+oE4RjhQdby12HpP2vA+jK4lPFLtroIm3dOGaMFGwXNpJkrGnpUrKFhaxClYC1hZ1oOTRZdiIVt1VExS65pxj2Q4CKm8GeAAThZxVzN8yR9jeRpMIf5y/AJj7DGxXvP/86jfoP95RwAAAAA==[0m[Pipeline] {
[8mha:////4HafEVhaQHlLYoj0MGjEhPNF71xMtXv1w2TpkvE4wGPTAAAApR+LCAAAAAAAAP9tjTEOwjAUQ3+KOrAycoh0gQkxsUZZOEFIQkgb/d8mKe3EibgadyBQiQlLlmxL1nu+oE4RjhQdby12HpP2vA+jK4lPFLtroIm3dOGaMFGwXNpJkrGnpUrKFhaxClYC1hZ1oOTRZdiIVt1VExS65pxj2Q4CKm8GeAAThZxVzN8yR9jeRpMIf5y/AJj7DGxXvP/86jc09154wAAAAA==[0m[Pipeline] node
[2020-08-17T12:47:13.395Z] Running on [8mha:////4FxTFt9xxGg0KKd84qY8pyrCux2heOLDMVrEh/+szOxMAAAAnh+LCAAAAAAAAP9b85aBtbiIQTGjNKU4P08vOT+vOD8nVc83PyU1x6OyILUoJzMv2y+/JJUBAhiZGBgqihhk0NSjKDWzXb3RdlLBUSYGJk8GtpzUvPSSDB8G5tKinBIGIZ+sxLJE/ZzEvHT94JKizLx0a6BxUmjGOUNodHsLgAz2EgZh/eT83ILSktQifY3cxGIgrakPAHib2iPIAAAA[0mJenkins in /Users/mohanrajmathavan/.jenkins/workspace/BootCamp/SeleniumGridContainerDocker/RunSeleniumGridContainerDockerSample
[8mha:////4E77uw0ArmfRAQRzhwk7MP/vxfU47zsF6e6gTYkn5GO3AAAApR+LCAAAAAAAAP9tjTEOwjAUQ3+KOrAycoh0ggUxsUZZOEFIQkgb/d8mKe3EibgadyBQiQlLlmxL1nu+oE4RjhQdby12HpP2vA+jK4lPFLtroIm3dOGaMFGwXNpJkrGnpUrKFhaxClYC1hZ1oOTRZdiIVt1VExS65pxj2Q4CKm8GeAAThZxVzN8yR9jeRpMIf5y/AJj7DGxXvP/86jek7ggRwAAAAA==[0m[Pipeline] {
[8mha:////4C39pb1chSuuPUCv8yZnBNfXPmvcjuYKvKvyujcYkOavAAAApR+LCAAAAAAAAP9tjTEOwjAUQ3+KOrAycoh0gwExsUZZOEFIQkgb/d8mKe3EibgadyBQiQlLlmxL1nu+oE4RjhQdby12HpP2vA+jK4lPFLtroIm3dOGaMFGwXNpJkrGnpUrKFhaxClYC1hZ1oOTRZdiIVt1VExS65pxj2Q4CKm8GeAAThZxVzN8yR9jeRpMIf5y/AJj7DGxXvP/86jcChmMxwAAAAA==[0m[Pipeline] stage
[8mha:////4EqThr3O3rh5Hz5CmHwLL2K+LrA/LPqQ8ORnYRqiFdIpAAAApR+LCAAAAAAAAP9tjTEOwjAUQ3+KOrAycoh0BAkxsUZZOEFIQkgb/d8mKe3EibgadyBQiQlLlmxL1nu+oE4RjhQdby12HpP2vA+jK4lPFLtroIm3dOGaMFGwXNpJkrGnpUrKFhaxClYC1hZ1oOTRZdiIVt1VExS65pxj2Q4CKm8GeAAThZxVzN8yR9jeRpMIf5y/AJj7DGxXvP/86jfpX/cvwAAAAA==[0m[Pipeline] { (Git Checkout)
[8mha:////4ACUspBkBN3yU+m/pUTcM2xV7M1ZJyKcW/zkiDnuAkNDAAAAoh+LCAAAAAAAAP9tjTEOAiEURD9rLGwtPQTbaoyVLaHxBMgiwpL/WWDdrTyRV/MOEjexcpJJ5k3zXm9Y5wQnSpZ7g73DrB2PYbR18YlSfws0cU9XrgkzBcOlmSR15rygpGJgCWtgJWBjUAfKDm2BrfDqodqg0LaXkup3FNC4boAnMFHNRaXyhTnB7j52mfDn+SuAORZg+9pD/AAeoCAqvAAAAA==[0m[Pipeline] checkout
[2020-08-17T12:47:13.495Z] No credentials specified
[2020-08-17T12:47:13.496Z] Cloning the remote Git repository
[2020-08-17T12:47:13.496Z] Cloning repository https://github.com/TechnologyBootCamps/functional-assurance
[2020-08-17T12:47:13.496Z]  > git init /Users/mohanrajmathavan/.jenkins/workspace/BootCamp/SeleniumGridContainerDocker/RunSeleniumGridContainerDockerSample # timeout=10
[2020-08-17T12:47:13.566Z] Fetching upstream changes from https://github.com/TechnologyBootCamps/functional-assurance
[2020-08-17T12:47:13.566Z]  > git --version # timeout=10
[2020-08-17T12:47:13.580Z]  > git --version # 'git version 2.21.1 (Apple Git-122.3)'
[2020-08-17T12:47:13.580Z]  > git fetch --tags --force --progress -- https://github.com/TechnologyBootCamps/functional-assurance +refs/heads/*:refs/remotes/origin/* # timeout=10
[2020-08-17T12:47:15.906Z]  > git config remote.origin.url https://github.com/TechnologyBootCamps/functional-assurance # timeout=10
[2020-08-17T12:47:15.927Z]  > git config --add remote.origin.fetch +refs/heads/*:refs/remotes/origin/* # timeout=10
[2020-08-17T12:47:15.944Z]  > git config remote.origin.url https://github.com/TechnologyBootCamps/functional-assurance # timeout=10
[2020-08-17T12:47:15.961Z] Fetching upstream changes from https://github.com/TechnologyBootCamps/functional-assurance
[2020-08-17T12:47:15.961Z]  > git fetch --tags --force --progress -- https://github.com/TechnologyBootCamps/functional-assurance +refs/heads/*:refs/remotes/origin/* # timeout=10
[2020-08-17T12:47:17.012Z]  > git rev-parse refs/remotes/origin/master^{commit} # timeout=10
[2020-08-17T12:47:17.037Z]  > git rev-parse refs/remotes/origin/origin/master^{commit} # timeout=10
[2020-08-17T12:47:17.057Z] Checking out Revision 6feb79011bc4c3a8904be06a48a45e49c42b09b0 (refs/remotes/origin/master)
[2020-08-17T12:47:17.057Z]  > git config core.sparsecheckout # timeout=10
[2020-08-17T12:47:17.086Z]  > git checkout -f 6feb79011bc4c3a8904be06a48a45e49c42b09b0 # timeout=10
[2020-08-17T12:47:17.130Z] Commit message: "Update ShopAddressPage.java"
[2020-08-17T12:47:17.131Z] First time build. Skipping changelog.
[8mha:////4GwbAba2rFIpeW1TSTDUrxhJg13HrUI6dP/hzHTzdYpIAAAAox+LCAAAAAAAAP9tjTEOwjAQBDdBFLSUPMKBDglR0VppeIFJjHFi3QX7QlLxIr7GH4iIRMVWO9PM641lijhydKqx1HpKlVdd6N301MCxvQYeVMMXVTElDlaVdii5tqcZSxaLeVmOhcbKUhU4eXKCtW7MwxTBkCvOEid30Mh9fccTmZ7KYqJ8YYzY3Po6Mf06fwMYu06Q77aCbP8Brmfz270AAAA=[0m[Pipeline] }
[8mha:////4DQbg+BLNt3dXVFhaXqqSjaw0OOw64T94hlkPVk0Gl+gAAAAox+LCAAAAAAAAP9tjTESgjAQRT84FraWHiIMlYVjZZuh8QQRYgxkdjFZhMoTeTXvICMzVv7qv9e81xvrFHHk6FRrqfOUaq/6MLj5qZFjdw08qpYvqmZKHKyq7FhxY08LViwWy7IcK42NpTpw8uQEW92ahymCIVecJc7uoJH75o4nMj2XxUT5whSxuw1NYvp1/gYw9b0gL0tBtv8Aj1Msdr0AAAA=[0m[Pipeline] // stage
[8mha:////4OuUKdneJzm5dF327EOqRbg9lRPkwi3XW0ioHv2Syu5TAAAAph+LCAAAAAAAAP9tjTEOwjAQBM9BKWgpeYQjKGgQFa3lhheY2Bgn1l2wLyQVL+Jr/IFAJCq22llpNc8XlDnBgZKXjcM2YK6D7GLvpyYHSu0l0iAbOsuaMFN0UrtBk3XHGTWxgzmigIWCpcM6Ug7oGVaqMXdTRYO+OnGatr2CItgbPECoycwm8RfGBOtrbzPhz/NXAGPHIHYMxWb7OZZvfPyORMEAAAA=[0m[Pipeline] stage
[8mha:////4AF6HscB7S3ghjX1mSYOxZbWiSMpoowAXx7rljmaC3BXAAAAph+LCAAAAAAAAP9tjTEOwjAUQ3+LOrAycohUwIiYukZZOEFoQkgb/V9+UtqJE3E17kBLJSY8WLYl673eUESGE7ETjcXWY6y96ELvpiQG4vYaaBANXURNGClYoeygyNhqqYqShUVZDisJa4t1oOjRJdjIRj90GTS68px42o4Scm/u8IRMTuSkOX3LyLC99SYS/jh/ATB2CfLdfrbD/Cw+y7kUycIAAAA=[0m[Pipeline] { (Run Selenium Grid)
[8mha:////4KBj2i2laC3cpX0ieY6lp807K/KUx77M+wJHIemJdCRfAAAApB+LCAAAAAAAAP9tjTEOwjAQBC9BFLSUPOIiBB2iSmu54QUmNsaJdWdsh6TiRXyNPxCIRMUWq51t5vmCZYpw5GixNdQ5So3D4Hs7LRw4dhfPA7Z8xoYpsTcozSBZm3pGydnAnKKEhYCVocZzcmQzrEWr7qryimx1ynH6DgJKp2/wgEJM5qxi/sIYYXPtdWL6ef4KYAwZyu3uU/vwBgq0rvS+AAAA[0m[Pipeline] sh
[2020-08-17T12:47:17.586Z] ++ docker ps -a -q
[2020-08-17T12:47:17.587Z] + docker rm -f c5a437357abf 45bfa0f00981 4e1192b1d3bc 7394a3d5f624 d06b67558305 dd25d4e34fc2
[2020-08-17T12:47:18.722Z] c5a437357abf
[2020-08-17T12:47:18.722Z] 45bfa0f00981
[2020-08-17T12:47:18.722Z] 4e1192b1d3bc
[2020-08-17T12:47:18.722Z] 7394a3d5f624
[2020-08-17T12:47:18.722Z] d06b67558305
[2020-08-17T12:47:18.722Z] dd25d4e34fc2
[2020-08-17T12:47:18.722Z] + docker run -d -p 4444:4444 --name selenium-hub selenium/hub
[2020-08-17T12:47:18.722Z] b220e80001dbf75ce3032b1cdef4dfd02c4feed496f031bc17c5ce1ecfb16778
[2020-08-17T12:47:19.422Z] + docker run -d --link selenium-hub:hub selenium/node-chrome
[2020-08-17T12:47:19.422Z] 04154136cf2bfc03618b0af36c5036da89b948f7e036db49c91152e973fca7f2
[2020-08-17T12:47:19.745Z] + docker run -d --link selenium-hub:hub selenium/node-firefox
[2020-08-17T12:47:20.067Z] 7b0fd46ebc865ef82af7bc66972a254726cb8b8351078d202071d6ae3eb1b70a
[8mha:////4KHLkCeBkBplF0Q7eiUwOz0GNyA+xRTFwzSyACAJFmAlAAAApB+LCAAAAAAAAP9tjTEOwjAQBC9BFLSUPOIihKgQVVrLDS8wsTFOrDtjOyQVL+Jr/IFAJCq2WO1sM88XLFOEI0eLraHOUWocBt/baeHAsbt4HrDlMzZMib1BaQbJ2tQzSs4G5hQlLASsDDWekyObYS1adVeVV2SrU47TdxBQOn2DBxRiMmcV8xfGCJtrrxPTz/NXAGMIGcrt/lO7N7BnLt++AAAA[0m[Pipeline] }
[8mha:////4P8u+47DbdZFbHER+DyoZZzfgOELCBVMDXyndBcp8HTqAAAApB+LCAAAAAAAAP9tjTEOwjAQBC9BFLSUPOIiKGgQVVrLDS8wsTFOrDtjOyQVL+Jr/IFAJCq2WO1sM88XLFOEI0eLraHOUWocBt/baeHAsbt4HrDlMzZMib1BaQbJ2tQzSs4G5hQlLASsDDWekyObYS1adVeVV2SrU47TdxBQOn2DBxRiMmcV8xfGCJtrrxPTz/NXAGMIGcrt/lO7N4glvS6+AAAA[0m[Pipeline] // stage
[8mha:////4K2KI2sfjEiYOQrz53++v3jyunZlFb6B681FeEuM9hKdAAAAph+LCAAAAAAAAP9tjTEOwjAQBM9BKWgpeYQjGigQFa3lhheY2Bgn1l2wLyQVL+Jr/IFAJCq22llpNc8XlDnBgZKXjcM2YK6D7GLvpyYHSu0l0iAbOsuaMFN0UrtBk3XHGTWxgzmigIWCpcM6Ug7oGVaqMXdTRYO+OnGatr2CItgbPECoycwm8RfGBOtrbzPhz/NXAGPHILYMxWb3OZZvz21DFMEAAAA=[0m[Pipeline] stage
[8mha:////4Bzt3A94OLxqbNosw9fGhj2jQyFQfrP2P/W77WKws/CtAAAApx+LCAAAAAAAAP9tjTEOwjAUQ3+LOrAycohUTCAhpq5RFk4QmhDSRv+Xn5R24kRcjTvQUokJD5ZtyXqvNxSR4UTsRGOx9RhrL7rQuymJgbi9BhpEQxdRE0YKVig7KDK2WqqiZGFRlsNKwtpiHSh6dAk2stEPXQaNrjwnnrajhNybOzwhkxM5aU7fMjJsb72JhD/OXwCMXYJ8t5/tMD+LD0rlhNLCAAAA[0m[Pipeline] { (Inrease Chrome instances)
[8mha:////4NwfujOi0aLp08vN+rGADnB2SAyfOvifgJnwged1sjWHAAAApB+LCAAAAAAAAP9tjTEOwjAQBC9BFLSUPOIiOhCiSmu54QUmNsaJdWdsh6TiRXyNPxCIRMUWq51t5vmCZYpw5GixNdQ5So3D4Hs7LRw4dhfPA7Z8xoYpsTcozSBZm3pGydnAnKKEhYCVocZzcmQzrEWr7qryimx1ynH6DgJKp2/wgEJM5qxi/sIYYXPtdWL6ef4KYAwZyu3uU/vwBr2eB0O+AAAA[0m[Pipeline] sh
[2020-08-17T12:47:21.472Z] + docker run -d --link selenium-hub:hub selenium/node-chrome
[2020-08-17T12:47:21.472Z] 4d70e78f90c514119c1d8eeed5266d2f8aa27f14169b11b9b1c3486bd577b2c1
[2020-08-17T12:47:21.796Z] + docker run -d --link selenium-hub:hub selenium/node-chrome
[2020-08-17T12:47:21.796Z] 95223643fea1320ec2014907555b3c4eb88c633e0f0b6c8dcd9755691447c051
[2020-08-17T12:47:22.495Z] + docker run -d --link selenium-hub:hub selenium/node-chrome
[2020-08-17T12:47:22.495Z] d943b9bded7a3a5079ad59dc95424610b8b9bc043da7d23d1611b911b90b13bf
[2020-08-17T12:47:22.820Z] + docker run -d --link selenium-hub:hub selenium/node-chrome
[2020-08-17T12:47:23.145Z] 64d8dcd2574d0d84e4c22a52138457a9451e3f4746e23450bf89d139d5cc5a3b
[2020-08-17T12:47:23.839Z] + docker run -d --link selenium-hub:hub selenium/node-chrome
[2020-08-17T12:47:23.839Z] 709148cae47b9e8418b6272a2b0edfeced3c91b19389c011c4d8e84cc6756cc6
[8mha:////4DWPutsA+HxhgIF6x/BzUF5DTOHXj++EIHtP3/a4VODZAAAApR+LCAAAAAAAAP9tjTEOwjAQBC9BFLSUPOICVEgoFa3lhheYxBgn1l2wHZyKF/E1/oBFJCq2WO1sM683LIOHmr3BTlNvKTQWBzeavDCx76+OE3Z8wYYpsNModZLc6tOMkqOGOUUJCwErTY3jYMlEWItOPVTlFJnqHH3+jgJK297hCYXI5qh8/MLkYXMb28D08/wVwDQMEcr9Ntfu8AEWNdkpvgAAAA==[0m[Pipeline] }
[8mha:////4EEnWvCOyIFalgaZXU3hGlOsLoXw09IaSUyVh7idwNT/AAAApR+LCAAAAAAAAP9tjTEOwjAQBC9BFLSUPOKi0FAgqrRWGl5gYmOcWHfGdkgqXsTX+AMWkajYYrWzzbzesI4BThwM9poGS7Gz6N1o8sKJw3B1PGHPF+yYIjuNrZ5aVrpZsOWkYUlRwkrARlPnOFoyCbailw9ZOUmmOqeQv6OA0qo7PKEQ2ZxkSF+YA+xuo4pMP89fAczeJyj3da768AEi+zpyvgAAAA==[0m[Pipeline] // stage
[8mha:////4AbNdMrWrqOVrjo8uQa7ruQ8f8O6sA5orF4lb/2P6btxAAAAph+LCAAAAAAAAP9tjTEOwjAQBC9BKWgpeYQjpaBBVLSWG15gYmOcWHfBvpBUvIiv8QcMkajYamel1TxfUKUIB4pOdBZ7j6n1Ygijy01MFPtLoEl0dBYtYaJghbKTImOPCypiC0uKElYS1hbbQMmjY9jITt91HTS6+sQxb3sJpTc3eEAhs5l15C/MEbbX0STCn+evAOaBodgxlE3zOVZv4eZmdcEAAAA=[0m[Pipeline] stage
[8mha:////4KU3GPGv8BehiTPkkQw2bXsvc26j5b5VLYXpNlFIP2ofAAAAph+LCAAAAAAAAP9tjTEOwjAUQ3+LOrAycohUKiNiYo2ycILQhJA0+r9NUtKJE3E17kBLJSY8WLYl673eUMUAJwqGOY2dxdha1vvRzIllCt3NU2aOrqwljOQ1EzoLUvq8VkFJw6qihA2HrcbWU7RoEuy4kw9Ze4mmvqQwb0cOpVUDPKHgMznJkL5lCrC/jyoS/jh/ATD1CcqmWeywPKsPpnFij8IAAAA=[0m[Pipeline] { (Execute Scripts)
[8mha:////4LO6nsX/Cd9YS8cx7JM0MHNEHtDB5arkcQJ1BkJ3RegLAAAApB+LCAAAAAAAAP9tjTEOwjAQBC9BFLSUPOIiAR2iSmu54QUmNsaJdWdsh6TiRXyNPxCIRMUWq51t5vmCZYpw5GixNdQ5So3D4Hs7LRw4dhfPA7Z8xoYpsTcozSBZm3pGydnAnKKEhYCVocZzcmQzrEWr7qryimx1ynH6DgJKp2/wgEJM5qxi/sIYYXPtdWL6ef4KYAwZyu3uU/vwBrANZ3i+AAAA[0m[Pipeline] sh
[2020-08-17T12:47:25.156Z] + mvn clean test '-Dcucumber.options=--tags '\''@UITest and @Smoke'\''' -DexecutionPlatform=GRID_CHROME
[2020-08-17T12:47:28.756Z] [INFO] Scanning for projects...
[2020-08-17T12:47:28.756Z] [INFO] 
[2020-08-17T12:47:28.756Z] [INFO] ---------< org.example:awsworkshop_test_functional_assurance >----------
[2020-08-17T12:47:28.756Z] [INFO] Building awsworkshop_test_functional_assurance 1.0-SNAPSHOT
[2020-08-17T12:47:28.756Z] [INFO] --------------------------------[ jar ]---------------------------------
[2020-08-17T12:47:30.899Z] [INFO] 
[2020-08-17T12:47:30.899Z] [INFO] --- maven-clean-plugin:2.5:clean (default-clean) @ awsworkshop_test_functional_assurance ---
[2020-08-17T12:47:30.899Z] [INFO] 
[2020-08-17T12:47:30.899Z] [INFO] --- maven-resources-plugin:2.6:resources (default-resources) @ awsworkshop_test_functional_assurance ---
[2020-08-17T12:47:30.899Z] [WARNING] Using platform encoding (UTF-8 actually) to copy filtered resources, i.e. build is platform dependent!
[2020-08-17T12:47:30.899Z] [INFO] skip non existing resourceDirectory /Users/mohanrajmathavan/.jenkins/workspace/BootCamp/SeleniumGridContainerDocker/RunSeleniumGridContainerDockerSample/src/main/resources
[2020-08-17T12:47:30.899Z] [INFO] 
[2020-08-17T12:47:30.899Z] [INFO] --- maven-compiler-plugin:3.1:compile (default-compile) @ awsworkshop_test_functional_assurance ---
[2020-08-17T12:47:31.219Z] [INFO] No sources to compile
[2020-08-17T12:47:31.219Z] [INFO] 
[2020-08-17T12:47:31.219Z] [INFO] --- maven-resources-plugin:2.6:testResources (default-testResources) @ awsworkshop_test_functional_assurance ---
[2020-08-17T12:47:31.219Z] [WARNING] Using platform encoding (UTF-8 actually) to copy filtered resources, i.e. build is platform dependent!
[2020-08-17T12:47:31.219Z] [INFO] Copying 11 resources
[2020-08-17T12:47:31.219Z] [INFO] 
[2020-08-17T12:47:31.219Z] [INFO] --- maven-compiler-plugin:3.1:testCompile (default-testCompile) @ awsworkshop_test_functional_assurance ---
[2020-08-17T12:47:31.219Z] [INFO] Changes detected - recompiling the module!
[2020-08-17T12:47:31.219Z] [INFO] Compiling 12 source files to /Users/mohanrajmathavan/.jenkins/workspace/BootCamp/SeleniumGridContainerDocker/RunSeleniumGridContainerDockerSample/target/test-classes
[2020-08-17T12:47:32.347Z] [INFO] 
[2020-08-17T12:47:32.347Z] [INFO] --- maven-surefire-plugin:3.0.0-M4:test (default-test) @ awsworkshop_test_functional_assurance ---
[2020-08-17T12:47:32.665Z] [INFO] 
[2020-08-17T12:47:32.665Z] [INFO] -------------------------------------------------------
[2020-08-17T12:47:32.665Z] [INFO]  T E S T S
[2020-08-17T12:47:32.665Z] [INFO] -------------------------------------------------------
[2020-08-17T12:47:33.815Z] [INFO] Running runner.TestsRunner
[2020-08-17T12:47:34.135Z] 18:17:33  INFO: runner.TestsRunner - ########### INSIDE BEFORE CLASS ###########
[2020-08-17T12:47:34.456Z] 18:17:34  INFO: stepdefinitions.MasterStepDefs - Starting - E-Shop Application - Create New Account
[2020-08-17T12:47:34.456Z] Aug 17, 2020 6:17:34 PM org.openqa.selenium.remote.DesiredCapabilities chrome
[2020-08-17T12:47:34.456Z] INFO: Using `new ChromeOptions()` is preferred to `DesiredCapabilities.chrome()`
[2020-08-17T12:47:36.022Z] Aug 17, 2020 6:17:36 PM org.openqa.selenium.remote.ProtocolHandshake createSession
[2020-08-17T12:47:36.022Z] INFO: Detected dialect: W3C
[2020-08-17T12:47:36.273Z] 18:17:36  INFO: stepdefinitions.MasterStepDefs - UI URL Fetched from POM Settings
[2020-08-17T12:47:36.273Z] 18:17:36  INFO: stepdefinitions.MasterStepDefs - ApplicationUrl : http://awswrkshpalb-1570520390.us-west-2.elb.amazonaws.com:3000
[2020-08-17T12:47:48.922Z] 18:17:47  INFO: stepdefinitions.MasterStepDefs - E-Shop Application - Create New Account Status - FAILED
[2020-08-17T12:47:48.922Z] 18:17:47  INFO: stepdefinitions.MasterStepDefs - ######### Count of FAILED #########
[2020-08-17T12:47:48.922Z] 18:17:47  INFO: stepdefinitions.MasterStepDefs - 1
[2020-08-17T12:47:48.922Z] 18:17:47  INFO: stepdefinitions.MasterStepDefs - ######### Count of Failed #########
[2020-08-17T12:47:48.922Z] 
[2020-08-17T12:47:48.922Z] Failed scenarios:
[2020-08-17T12:47:48.922Z] src/test/resources/features/Web01_EShopLogin.feature:12 # E-Shop Application - Create New Account
[2020-08-17T12:47:48.922Z] 
[2020-08-17T12:47:48.922Z] 1 Scenarios (1 failed)
[2020-08-17T12:47:48.922Z] 3 Steps (1 failed, 2 skipped)
[2020-08-17T12:47:48.922Z] 0m14.164s
[2020-08-17T12:47:48.923Z] 
[2020-08-17T12:47:48.923Z] org.openqa.selenium.WebDriverException: unknown error: session deleted because of page crash
[2020-08-17T12:47:48.923Z] from unknown error: cannot determine loading status
[2020-08-17T12:47:48.923Z] from tab crashed
[2020-08-17T12:47:48.923Z]   (Session info: chrome=84.0.4147.105)
[2020-08-17T12:47:48.923Z] Build info: version: '3.141.59', revision: 'e82be7d358', time: '2018-11-14T08:17:03'
[2020-08-17T12:47:48.923Z] System info: host: 'AnithaMacBook.local', ip: '2409:4072:68c:683b:79a5:8dae:9d83:46e2%en0', os.name: 'Mac OS X', os.arch: 'x86_64', os.version: '10.15.4', java.version: '1.8.0_201'
[2020-08-17T12:47:48.923Z] Driver info: org.openqa.selenium.remote.RemoteWebDriver
[2020-08-17T12:47:48.923Z] Capabilities {acceptInsecureCerts: false, browserName: chrome, browserVersion: 84.0.4147.105, chrome: {chromedriverVersion: 84.0.4147.30 (48b3e868b4cc0..., userDataDir: /tmp/.com.google.Chrome.F7YdJD}, goog:chromeOptions: {debuggerAddress: localhost:41739}, javascriptEnabled: true, networkConnectionEnabled: false, pageLoadStrategy: normal, platform: LINUX, platformName: LINUX, proxy: Proxy(), setWindowRect: true, strictFileInteractability: false, timeouts: {implicit: 0, pageLoad: 300000, script: 30000}, unhandledPromptBehavior: dismiss and notify, webauthn:virtualAuthenticators: true, webdriver.remote.sessionid: f7c978565cca9481789aca30c56...}
[2020-08-17T12:47:48.923Z] Session ID: f7c978565cca9481789aca30c56b8cc0
[2020-08-17T12:47:48.923Z] 	at sun.reflect.NativeConstructorAccessorImpl.newInstance0(Native Method)
[2020-08-17T12:47:48.923Z] 	at sun.reflect.NativeConstructorAccessorImpl.newInstance(NativeConstructorAccessorImpl.java:62)
[2020-08-17T12:47:48.923Z] 	at sun.reflect.DelegatingConstructorAccessorImpl.newInstance(DelegatingConstructorAccessorImpl.java:45)
[2020-08-17T12:47:48.923Z] 	at java.lang.reflect.Constructor.newInstance(Constructor.java:423)
[2020-08-17T12:47:48.923Z] 	at org.openqa.selenium.remote.http.W3CHttpResponseCodec.createException(W3CHttpResponseCodec.java:187)
[2020-08-17T12:47:48.923Z] 	at org.openqa.selenium.remote.http.W3CHttpResponseCodec.decode(W3CHttpResponseCodec.java:122)
[2020-08-17T12:47:48.923Z] 	at org.openqa.selenium.remote.http.W3CHttpResponseCodec.decode(W3CHttpResponseCodec.java:49)
[2020-08-17T12:47:48.923Z] 	at org.openqa.selenium.remote.HttpCommandExecutor.execute(HttpCommandExecutor.java:158)
[2020-08-17T12:47:48.923Z] 	at org.openqa.selenium.remote.RemoteWebDriver.execute(RemoteWebDriver.java:552)
[2020-08-17T12:47:48.923Z] 	at org.openqa.selenium.remote.RemoteWebElement.execute(RemoteWebElement.java:285)
[2020-08-17T12:47:48.923Z] 	at org.openqa.selenium.remote.RemoteWebElement.isDisplayed(RemoteWebElement.java:326)
[2020-08-17T12:47:48.923Z] 	at sun.reflect.NativeMethodAccessorImpl.invoke0(Native Method)
[2020-08-17T12:47:48.923Z] 	at sun.reflect.NativeMethodAccessorImpl.invoke(NativeMethodAccessorImpl.java:62)
[2020-08-17T12:47:48.923Z] 	at sun.reflect.DelegatingMethodAccessorImpl.invoke(DelegatingMethodAccessorImpl.java:43)
[2020-08-17T12:47:48.923Z] 	at java.lang.reflect.Method.invoke(Method.java:498)
[2020-08-17T12:47:48.923Z] 	at org.openqa.selenium.support.pagefactory.internal.LocatingElementHandler.invoke(LocatingElementHandler.java:51)
[2020-08-17T12:47:48.923Z] 	at com.sun.proxy.$Proxy19.isDisplayed(Unknown Source)
[2020-08-17T12:47:48.923Z] 	at org.openqa.selenium.support.ui.ExpectedConditions.elementIfVisible(ExpectedConditions.java:314)
[2020-08-17T12:47:48.923Z] 	at org.openqa.selenium.support.ui.ExpectedConditions.access$000(ExpectedConditions.java:43)
[2020-08-17T12:47:48.923Z] 	at org.openqa.selenium.support.ui.ExpectedConditions$10.apply(ExpectedConditions.java:300)
[2020-08-17T12:47:48.923Z] 	at org.openqa.selenium.support.ui.ExpectedConditions$10.apply(ExpectedConditions.java:297)
[2020-08-17T12:47:48.923Z] 	at org.openqa.selenium.support.ui.FluentWait.until(FluentWait.java:249)
[2020-08-17T12:47:48.923Z] 	at pages.ShopLoginPage.clickMenu(ShopLoginPage.java:73)
[2020-08-17T12:47:48.923Z] 	at stepdefinitions.WebEShopStepDefs.user_launched_eshop_login_page_in(WebEShopStepDefs.java:34)
[2020-08-17T12:47:48.923Z] 	at âœ½.User launched eshop login page in "Web"(file:src/test/resources/features/Web01_EShopLogin.feature:6)
[2020-08-17T12:47:48.923Z] 
[2020-08-17T12:47:48.923Z] 18:17:48  INFO: runner.TestsRunner - ########### INSIDE AFTER CLASS ###########
[2020-08-17T12:47:48.923Z] [ERROR] Tests run: 1, Failures: 0, Errors: 1, Skipped: 0, Time elapsed: 14.829 s <<< FAILURE! - in runner.TestsRunner
[2020-08-17T12:47:48.923Z] [ERROR] Mythical Mysfits Eshop UI login feature.E-Shop Application - Create New Account  Time elapsed: 13.942 s  <<< ERROR!
[2020-08-17T12:47:48.923Z] org.openqa.selenium.WebDriverException: 
[2020-08-17T12:47:48.923Z] unknown error: session deleted because of page crash
[2020-08-17T12:47:48.923Z] from unknown error: cannot determine loading status
[2020-08-17T12:47:48.923Z] from tab crashed
[2020-08-17T12:47:48.923Z]   (Session info: chrome=84.0.4147.105)
[2020-08-17T12:47:48.924Z] Build info: version: '3.141.59', revision: 'e82be7d358', time: '2018-11-14T08:17:03'
[2020-08-17T12:47:48.924Z] System info: host: 'AnithaMacBook.local', ip: '2409:4072:68c:683b:79a5:8dae:9d83:46e2%en0', os.name: 'Mac OS X', os.arch: 'x86_64', os.version: '10.15.4', java.version: '1.8.0_201'
[2020-08-17T12:47:48.924Z] Driver info: org.openqa.selenium.remote.RemoteWebDriver
[2020-08-17T12:47:48.924Z] Capabilities {acceptInsecureCerts: false, browserName: chrome, browserVersion: 84.0.4147.105, chrome: {chromedriverVersion: 84.0.4147.30 (48b3e868b4cc0..., userDataDir: /tmp/.com.google.Chrome.F7YdJD}, goog:chromeOptions: {debuggerAddress: localhost:41739}, javascriptEnabled: true, networkConnectionEnabled: false, pageLoadStrategy: normal, platform: LINUX, platformName: LINUX, proxy: Proxy(), setWindowRect: true, strictFileInteractability: false, timeouts: {implicit: 0, pageLoad: 300000, script: 30000}, unhandledPromptBehavior: dismiss and notify, webauthn:virtualAuthenticators: true, webdriver.remote.sessionid: f7c978565cca9481789aca30c56...}
[2020-08-17T12:47:48.924Z] Session ID: f7c978565cca9481789aca30c56b8cc0
[2020-08-17T12:47:48.924Z] 
[2020-08-17T12:47:49.622Z] [INFO] 
[2020-08-17T12:47:49.622Z] [INFO] Results:
[2020-08-17T12:47:49.622Z] [INFO] 
[2020-08-17T12:47:49.622Z] [ERROR] Errors: 
[2020-08-17T12:47:49.948Z] [ERROR]   unknown error: session deleted because of page crash
[2020-08-17T12:47:49.948Z] from unknown error: cannot determine loading status
[2020-08-17T12:47:49.948Z] from tab crashed
[2020-08-17T12:47:49.948Z]   (Session info: chrome=84.0.4147.105)
[2020-08-17T12:47:49.948Z] Build info: version: '3.141.59', revision: 'e82be7d358', time: '2018-11-14T08:17:03'
[2020-08-17T12:47:49.948Z] System info: host: 'AnithaMacBook.local', ip: '2409:4072:68c:683b:79a5:8dae:9d83:46e2%en0', os.name: 'Mac OS X', os.arch: 'x86_64', os.version: '10.15.4', java.version: '1.8.0_201'
[2020-08-17T12:47:49.948Z] Driver info: org.openqa.selenium.remote.RemoteWebDriver
[2020-08-17T12:47:49.948Z] Capabilities {acceptInsecureCerts: false, browserName: chrome, browserVersion: 84.0.4147.105, chrome: {chromedriverVersion: 84.0.4147.30 (48b3e868b4cc0..., userDataDir: /tmp/.com.google.Chrome.F7YdJD}, goog:chromeOptions: {debuggerAddress: localhost:41739}, javascriptEnabled: true, networkConnectionEnabled: false, pageLoadStrategy: normal, platform: LINUX, platformName: LINUX, proxy: Proxy(), setWindowRect: true, strictFileInteractability: false, timeouts: {implicit: 0, pageLoad: 300000, script: 30000}, unhandledPromptBehavior: dismiss and notify, webauthn:virtualAuthenticators: true, webdriver.remote.sessionid: f7c978565cca9481789aca30c56...}
[2020-08-17T12:47:49.948Z] Session ID: f7c978565cca9481789aca30c56b8cc0
[2020-08-17T12:47:49.948Z] [INFO] 
[2020-08-17T12:47:49.948Z] [ERROR] Tests run: 1, Failures: 0, Errors: 1, Skipped: 0
[2020-08-17T12:47:49.948Z] [INFO] 
[2020-08-17T12:47:49.948Z] [INFO] ------------------------------------------------------------------------
[2020-08-17T12:47:49.948Z] [INFO] BUILD FAILURE
[2020-08-17T12:47:49.948Z] [INFO] ------------------------------------------------------------------------
[2020-08-17T12:47:49.948Z] [INFO] Total time:  21.169 s
[2020-08-17T12:47:49.948Z] [INFO] Finished at: 2020-08-17T18:17:49+05:30
[2020-08-17T12:47:49.948Z] [INFO] ------------------------------------------------------------------------
[2020-08-17T12:47:49.948Z] [ERROR] Failed to execute goal org.apache.maven.plugins:maven-surefire-plugin:3.0.0-M4:test (default-test) on project awsworkshop_test_functional_assurance: There are test failures.
[2020-08-17T12:47:49.948Z] [ERROR] 
[2020-08-17T12:47:49.948Z] [ERROR] Please refer to /Users/mohanrajmathavan/.jenkins/workspace/BootCamp/SeleniumGridContainerDocker/RunSeleniumGridContainerDockerSample/target/surefire-reports for the individual test results.
[2020-08-17T12:47:49.948Z] [ERROR] Please refer to dump files (if any exist) [date].dump, [date]-jvmRun[N].dump and [date].dumpstream.
[2020-08-17T12:47:49.948Z] [ERROR] -> [Help 1]
[2020-08-17T12:47:49.948Z] [ERROR] 
[2020-08-17T12:47:49.948Z] [ERROR] To see the full stack trace of the errors, re-run Maven with the -e switch.
[2020-08-17T12:47:49.948Z] [ERROR] Re-run Maven using the -X switch to enable full debug logging.
[2020-08-17T12:47:49.950Z] [ERROR] 
[2020-08-17T12:47:49.950Z] [ERROR] For more information about the errors and possible solutions, please read the following articles:
[2020-08-17T12:47:49.950Z] [ERROR] [Help 1] http://cwiki.apache.org/confluence/display/MAVEN/MojoFailureException
[8mha:////4EQImkkSjrBZ9hx4MTQ1hXspHKp2UBWia8t955sHfnHSAAAApB+LCAAAAAAAAP9tjTEOwjAQBC9BFLSUPOIigagQVVrLDS8wsTFOrDtjOyQVL+Jr/IFAJCq2WO1sM88XLFOEI0eLraHOUWocBt/baeHAsbt4HrDlMzZMib1BaQbJ2tQzSs4G5hQlLASsDDWekyObYS1adVeVV2SrU47TdxBQOn2DBxRiMmcV8xfGCJtrrxPTz/NXAGMIGcrt/lO7N+4u68W+AAAA[0m[Pipeline] }
[8mha:////4KMLaugpi6KvvUXNBRpcvZ+Ttn0081heKYysJbayge8rAAAApB+LCAAAAAAAAP9tjTESwiAURH/iWNhaeggyk8LGsbJlaDwBJogQ5n8CRFJ5Iq/mHUQzY+UWO/u2ec8XrGOAIwXNrMLBYOwM827SZbFMYbg6yszShXWEkZxiQmVBvTotKCgpWFLVsOKwUdg5igZ1gi238i4bJ1E35xTKd+BQm36EB1S8mJMM6QtzgN1t6iPhz/NXALP3Cep2/6n2DdZseDS+AAAA[0m[Pipeline] // stage
[8mha:////4NS/v3rcFHi9/7RvWZxPZBT6FTbQZ2b//qUn7y1XkRrSAAAApB+LCAAAAAAAAP9tjTEOwjAQBDdBFLSUPMKRKKBAVLRWGl5gEmOcWHfBvpBUvIiv8QciIlGx1c4083pjmSKOHJ1qLLWeUuVVF3o3PTVwbK+BB9XwRVVMiYNVpR1Kru1pxpLFYl6WY6GxslQFTp6cYK0b8zBFMOSKs8TJHTRyX9/xRKanspgoXxgjNre+Tky/zt8Axq4T5Nu9INt9ABfk/wi9AAAA[0m[Pipeline] }
[8mha:////4EgFmY4AOXImEGKN5v9S6PM65DjWIs0s4uhQ1sn7zFN8AAAApB+LCAAAAAAAAP9tjbEKwjAURW8rDq6OfkQKgiCIk2vo4hfENsa04b2avNpOfpG/5j9YLDh5p3vOcl5vLFPEkaNTjaXWU6q86kLvpqcGju018KAavqiKKXGwqrRDybU9zViyWMzLciw0VpaqwMmTE6x1Yx6mCIZccZY4uYNG7us7nsj0VBYT5QtjxObW14np1/kbwNh1gny7F2S7D3wiphO9AAAA[0m[Pipeline] // node
[8mha:////4A/Dhwe+BuoGxngeALhWzCItkr4dErm2bCvsX+6bJBihAAAApB+LCAAAAAAAAP9tjTEOwjAQBDdBFLSUPMKREA1CVLRWGl5gEmOcWHfBvpBUvIiv8QciIlGx1c4083pjmSKOHJ1qLLWeUuVVF3o3PTVwbK+BB9XwRVVMiYNVpR1Kru1pxpLFYl6WY6GxslQFTp6cYK0b8zBFMOSKs8TJHTRyX9/xRKanspgoXxgjNre+Tky/zt8Axq4T5Nu9INt9AFo7wVm9AAAA[0m[Pipeline] }
[8mha:////4GgzXOGmoCtJbtbpsKKvTsmS+RNALLQaSH8FS/iEQUTiAAAAoh+LCAAAAAAAAP9tjbEOgjAURS8YB1dHP6KYMBon14bFL6hQa6F5D9uHMPlF/pr/IJHEyTvdc5bzemOdIo4cnWotdZ5S7VUfBjc/NXLsroFH1fJF1UyJg1WVHStu7GnBisViWZZjpbGxVAdOnpxgq1vzMEUw5IqzxNkdNHLf3PFEpueymChfmCJ2t6FJTL/O3wCmvhfk5V6QlR8tH+kBvQAAAA==[0m[Pipeline] // timestamps
[8mha:////4Ope4HgWgSrWIuMklv9h6lEK/uQBg5G6bKy3zLdn/8HpAAAAoh+LCAAAAAAAAP9tjTEOwjAQBDdBFLSUPMIRUCIqWisNLzCJMU6su2BfSCpexNf4AxGRqNhqZ5p5vbFMEUeOTjWWWk+p8qoLvZueGji218CDaviiKqbEwarSDiXX9jRjyWIxL8ux0FhZqgInT06w1o15mCIYcsVZ4uQOGrmv73gi01NZTJQvjBGbW18npl/nbwBj1wny/VaQ7T4LBo5LvQAAAA==[0m[Pipeline] End of Pipeline
ERROR: script returned exit code 1
Finished: FAILURE
